<?xml version="1.0" encoding="UTF-8"?>
<testsuite xmlns:xsi="http://www.w3.org/2001/XMLSchema-instance" xsi:noNamespaceSchemaLocation="https://maven.apache.org/surefire/maven-surefire-plugin/xsd/surefire-test-report.xsd" version="3.0.2" name="com.raj.in.MiniProject02ApplicationTests" time="21.767" tests="1" errors="0" skipped="0" failures="0">
  <properties>
[...]
</properties>
  <testcase name="contextLoads" classname="com.raj.in.MiniProject02ApplicationTests" time="1.104">
    <system-out><![CDATA[15:14:25.228 [main] INFO org.springframework.test.context.support.AnnotationConfigContextLoaderUtils -- Could not detect default configuration classes for test class [com.raj.in.MiniProject02ApplicationTests]: MiniProject02ApplicationTests does not declare any static, non-private, non-final, nested classes annotated with @Configuration.
15:14:25.605 [main] INFO org.springframework.boot.test.context.SpringBootTestContextBootstrapper -- Found @SpringBootConfiguration com.raj.in.MiniProject02Application for test class com.raj.in.MiniProject02ApplicationTests
15:14:26.194 [main] INFO org.springframework.boot.devtools.restart.RestartApplicationListener -- Restart disabled due to context in which it is running

  .   ____          _            __ _ _
 /\\ / ___'_ __ _ _(_)_ __  __ _ \ \ \ \
( ( )\___ | '_ | '_| | '_ \/ _` | \ \ \ \
 \\/  ___)| |_)| | | | | || (_| |  ) ) ) )
  '  |____| .__|_| |_|_| |_\__, | / / / /
 =========|_|==============|___/=/_/_/_/

 :: Spring Boot ::                (v3.4.1)

2025-02-06T15:14:27.353Z  INFO 26920 --- [mini-project-02] [           main] c.raj.in.MiniProject02ApplicationTests   : Starting MiniProject02ApplicationTests using Java 17.0.13 with PID 26920 (started by rajku in E:\java\JRPT\02-Reports_API)
2025-02-06T15:14:27.360Z  INFO 26920 --- [mini-project-02] [           main] c.raj.in.MiniProject02ApplicationTests   : No active profile set, falling back to 1 default profile: "default"
2025-02-06T15:14:29.789Z  INFO 26920 --- [mini-project-02] [           main] .s.d.r.c.RepositoryConfigurationDelegate : Bootstrapping Spring Data JPA repositories in DEFAULT mode.
2025-02-06T15:14:30.066Z  INFO 26920 --- [mini-project-02] [           main] .s.d.r.c.RepositoryConfigurationDelegate : Finished Spring Data repository scanning in 234 ms. Found 1 JPA repository interface.
2025-02-06T15:14:32.012Z  INFO 26920 --- [mini-project-02] [           main] o.hibernate.jpa.internal.util.LogHelper  : HHH000204: Processing PersistenceUnitInfo [name: default]
2025-02-06T15:14:32.509Z  INFO 26920 --- [mini-project-02] [           main] org.hibernate.Version                    : HHH000412: Hibernate ORM core version 6.6.4.Final
2025-02-06T15:14:32.722Z  INFO 26920 --- [mini-project-02] [           main] o.h.c.internal.RegionFactoryInitiator    : HHH000026: Second-level cache disabled
2025-02-06T15:14:34.352Z  INFO 26920 --- [mini-project-02] [           main] o.s.o.j.p.SpringPersistenceUnitInfo      : No LoadTimeWeaver setup: ignoring JPA class transformer
2025-02-06T15:14:34.520Z  INFO 26920 --- [mini-project-02] [           main] com.zaxxer.hikari.HikariDataSource       : HikariPool-1 - Starting...
2025-02-06T15:14:35.794Z  INFO 26920 --- [mini-project-02] [           main] com.zaxxer.hikari.pool.HikariPool        : HikariPool-1 - Added connection com.mysql.cj.jdbc.ConnectionImpl@75a226ea
2025-02-06T15:14:35.794Z  INFO 26920 --- [mini-project-02] [           main] com.zaxxer.hikari.HikariDataSource       : HikariPool-1 - Start completed.
2025-02-06T15:14:36.127Z  INFO 26920 --- [mini-project-02] [           main] org.hibernate.orm.connections.pooling    : HHH10001005: Database info:
	Database JDBC URL [Connecting through datasource 'HikariDataSource (HikariPool-1)']
	Database driver: undefined/unknown
	Database version: 9.0.1
	Autocommit mode: undefined/unknown
	Isolation level: undefined/unknown
	Minimum pool size: undefined/unknown
	Maximum pool size: undefined/unknown
2025-02-06T15:14:38.613Z  INFO 26920 --- [mini-project-02] [           main] o.h.e.t.j.p.i.JtaPlatformInitiator       : HHH000489: No JTA platform available (set 'hibernate.transaction.jta.platform' to enable JTA platform integration)
2025-02-06T15:14:38.764Z  INFO 26920 --- [mini-project-02] [           main] j.LocalContainerEntityManagerFactoryBean : Initialized JPA EntityManagerFactory for persistence unit 'default'
2025-02-06T15:14:40.350Z  INFO 26920 --- [mini-project-02] [           main] o.s.d.j.r.query.QueryEnhancerFactory     : Hibernate is in classpath; If applicable, HQL parser will be used.
apprunner executed%%%%%%%%%%%%%%%%%%%%%%%%%%%%%%%%%%%%
2025-02-06T15:14:42.543Z  WARN 26920 --- [mini-project-02] [           main] JpaBaseConfiguration$JpaWebConfiguration : spring.jpa.open-in-view is enabled by default. Therefore, database queries may be performed during view rendering. Explicitly configure spring.jpa.open-in-view to disable this warning
2025-02-06T15:14:44.702Z  INFO 26920 --- [mini-project-02] [           main] c.raj.in.MiniProject02ApplicationTests   : Started MiniProject02ApplicationTests in 18.551 seconds (process running for 21.967)
Hibernate: select ed1_0.eligibility_id,ed1_0.name,ed1_0.created_by,ed1_0.created_date,ed1_0.email,ed1_0.gender,ed1_0.number,ed1_0.plan_end_date,ed1_0.plan_id,ed1_0.plan_name,ed1_0.plan_start_date,ed1_0.plan_status,ed1_0.ssn,ed1_0.updated_by,ed1_0.updated_date from eligibility_details ed1_0 where ed1_0.eligibility_id=?
Hibernate: select ed1_0.eligibility_id,ed1_0.name,ed1_0.created_by,ed1_0.created_date,ed1_0.email,ed1_0.gender,ed1_0.number,ed1_0.plan_end_date,ed1_0.plan_id,ed1_0.plan_name,ed1_0.plan_start_date,ed1_0.plan_status,ed1_0.ssn,ed1_0.updated_by,ed1_0.updated_date from eligibility_details ed1_0 where ed1_0.eligibility_id=?
]]></system-out>
  </testcase>
</testsuite>